<?xml version="1.0" encoding="UTF-8"?>
<testng-results ignored="0" total="1" passed="1" failed="0" skipped="0">
  <reporter-output>
  </reporter-output>
  <suite started-at="2020-04-23T11:31:11 SAST" name="Default suite" finished-at="2020-04-23T11:31:36 SAST" duration-ms="25894">
    <groups>
    </groups>
    <test started-at="2020-04-23T11:31:11 SAST" name="Default test" finished-at="2020-04-23T11:31:36 SAST" duration-ms="25894">
      <class name="tests.CalculatorTest">
        <test-method is-config="true" signature="setUp()[pri:0, instance:tests.CalculatorTest@778d1062]" started-at="2020-04-23T11:31:11 SAST" name="setUp" finished-at="2020-04-23T11:31:15 SAST" duration-ms="4441" status="PASS">
          <reporter-output>
          </reporter-output>
        </test-method> <!-- setUp -->
        <test-method is-config="true" signature="Clear()[pri:0, instance:tests.CalculatorTest@778d1062]" started-at="2020-04-23T11:31:15 SAST" name="Clear" finished-at="2020-04-23T11:31:16 SAST" duration-ms="506" status="PASS">
          <reporter-output>
          </reporter-output>
        </test-method> <!-- Clear -->
        <test-method signature="calculation()[pri:0, instance:tests.CalculatorTest@778d1062]" started-at="2020-04-23T11:31:16 SAST" name="calculation" finished-at="2020-04-23T11:31:36 SAST" duration-ms="20828" status="PASS">
          <reporter-output>
          </reporter-output>
        </test-method> <!-- calculation -->
        <test-method is-config="true" signature="TearDown()[pri:0, instance:tests.CalculatorTest@778d1062]" started-at="2020-04-23T11:31:36 SAST" name="TearDown" finished-at="2020-04-23T11:31:36 SAST" duration-ms="71" status="PASS">
          <reporter-output>
          </reporter-output>
        </test-method> <!-- TearDown -->
      </class> <!-- tests.CalculatorTest -->
    </test> <!-- Default test -->
  </suite> <!-- Default suite -->
</testng-results>
